[debug] [2020-02-09T04:45:12.643Z] ----------------------------------------------------------------------
[debug] [2020-02-09T04:45:12.646Z] Command:       C:\Program Files\nodejs\node.exe C:\Users\hasch\AppData\Roaming\npm\node_modules\firebase-tools\lib\bin\firebase.js deploy
[debug] [2020-02-09T04:45:12.646Z] CLI Version:   7.12.1
[debug] [2020-02-09T04:45:12.646Z] Platform:      win32
[debug] [2020-02-09T04:45:12.646Z] Node Version:  v12.13.1
[debug] [2020-02-09T04:45:12.650Z] Time:          Sun Feb 09 2020 05:45:12 GMT+0100 (GMT+01:00)
[debug] [2020-02-09T04:45:12.650Z] ----------------------------------------------------------------------
[debug] [2020-02-09T04:45:12.650Z] 
[debug] [2020-02-09T04:45:12.679Z] > command requires scopes: ["email","openid","https://www.googleapis.com/auth/cloudplatformprojects.readonly","https://www.googleapis.com/auth/firebase","https://www.googleapis.com/auth/cloud-platform"]
[debug] [2020-02-09T04:45:12.680Z] > authorizing via signed-in user
[debug] [2020-02-09T04:45:12.681Z] [iam] checking project modern-websocket-client for permissions ["firebase.projects.get","firebasehosting.sites.update"]
[debug] [2020-02-09T04:45:12.683Z] > refreshing access token with scopes: ["email","https://www.googleapis.com/auth/cloud-platform","https://www.googleapis.com/auth/cloudplatformprojects.readonly","https://www.googleapis.com/auth/firebase","openid"]
[debug] [2020-02-09T04:45:12.684Z] >>> HTTP REQUEST POST https://www.googleapis.com/oauth2/v3/token  
 <request body omitted>
[debug] [2020-02-09T04:45:44.653Z] <<< HTTP RESPONSE 200
[debug] [2020-02-09T04:45:44.664Z] >>> HTTP REQUEST POST https://cloudresourcemanager.googleapis.com/v1/projects/modern-websocket-client:testIamPermissions  

[debug] [2020-02-09T04:45:55.748Z] [iam] error while checking permissions, command may fail: FirebaseError: Server Error. getaddrinfo ENOTFOUND cloudresourcemanager.googleapis.com
[debug] [2020-02-09T04:45:55.748Z] >>> HTTP REQUEST GET https://firebase.googleapis.com/v1beta1/projects/modern-websocket-client  
 
[debug] [2020-02-09T04:46:06.821Z] Server Error. getaddrinfo ENOTFOUND firebase.googleapis.com
[debug] [2020-02-09T04:46:06.824Z] FirebaseError: Server Error. getaddrinfo ENOTFOUND firebase.googleapis.com
    at Request._callback (C:\Users\hasch\AppData\Roaming\npm\node_modules\firebase-tools\lib\api.js:30:31)
    at self.callback (C:\Users\hasch\AppData\Roaming\npm\node_modules\firebase-tools\node_modules\request\request.js:185:22)
    at Request.emit (events.js:210:5)
    at Request.EventEmitter.emit (domain.js:475:20)
    at Request.onRequestError (C:\Users\hasch\AppData\Roaming\npm\node_modules\firebase-tools\node_modules\request\request.js:881:8)
    at ClientRequest.emit (events.js:215:7)
    at ClientRequest.EventEmitter.emit (domain.js:475:20)
    at TLSSocket.socketErrorListener (_http_client.js:406:9)
    at TLSSocket.emit (events.js:210:5)
    at TLSSocket.EventEmitter.emit (domain.js:475:20)
    at emitErrorNT (internal/streams/destroy.js:92:8)
    at emitErrorAndCloseNT (internal/streams/destroy.js:60:3)
    at processTicksAndRejections (internal/process/task_queues.js:80:21)
[error] 
[error] Error: Failed to get Firebase project modern-websocket-client. Please make sure the project exists and your account has permission to access it.
